<?xml version="1.0" encoding="UTF-8"?>
<!-- Generated by org.testng.reporters.JUnitXMLReporter -->
<testsuite ignored="0" hostname="ASALAMA" failures="0" tests="3" name="Default test" time="10.967" errors="0" timestamp="2021-07-06T10:13:03 EET">
  <testcase classname="tests.UserRegisterationPage" name="usercanregistersuccessfully" time="4.827"/>
  <testcase classname="tests.UserRegisterationPage" name="Registerusercanlogout" time="1.957"/>
  <testcase classname="tests.UserRegisterationPage" name="Registerusercanlogin" time="3.583"/>
</testsuite> <!-- Default test -->
